This is pdfTeX, Version 3.141592653-2.6-1.40.24 (TeX Live 2022) (preloaded format=pdflatex 2022.5.22)  5 AUG 2022 03:18
entering extended mode
 restricted \write18 enabled.
 file:line:error style messages enabled.
 %&-line parsing enabled.
**"c:/Users/chemi/OneDrive/바탕화면/codingstudy/pythonstudy/python projects/OptimizationStudy/보고서.tex"
(c:/Users/chemi/OneDrive/바탕화면/codingstudy/pythonstudy/python projects/OptimizationStudy/보고서.tex
LaTeX2e <2021-11-15> patch level 1
L3 programming layer <2022-05-04> (c:/texlive/2022/texmf-dist/tex/latex/base/article.cls
Document Class: article 2021/10/04 v1.4n Standard LaTeX document class
(c:/texlive/2022/texmf-dist/tex/latex/base/size10.clo
File: size10.clo 2021/10/04 v1.4n Standard LaTeX file (size option)
)
\c@part=\count185
\c@section=\count186
\c@subsection=\count187
\c@subsubsection=\count188
\c@paragraph=\count189
\c@subparagraph=\count190
\c@figure=\count191
\c@table=\count192
\abovecaptionskip=\skip47
\belowcaptionskip=\skip48
\bibindent=\dimen138
) (c:/texlive/2022/texmf-dist/tex/latex/cjk-ko/kotex.sty
Package: kotex 2015/04/19 v1.6 Korean TeX (ko.TeX)
 (c:/texlive/2022/texmf-dist/tex/latex/kotex-utf/kotex.cfg) (c:/texlive/2022/texmf-dist/tex/latex/kotex-utf/kotexutf.sty
Package: kotexutf 2015/07/18 v2.1.1 typesetting UTF-8 Korean documents
 (c:/texlive/2022/texmf-dist/tex/latex/base/inputenc.sty
Package: inputenc 2021/02/14 v1.3d Input encoding file
\inpenc@prehook=\toks16
\inpenc@posthook=\toks17
) (c:/texlive/2022/texmf-dist/tex/plain/kotex-plain/kotexutf-core.tex
\unih@ngulpoint=\count193
\dhucs@emph@raise=\dimen139
)
Now handling font encoding LUC ...
... processing UTF-8 mapping file for font encoding LUC
 (c:/texlive/2022/texmf-dist/tex/latex/kotex-utf/lucenc.dfu
File: lucenc.dfu 2007/09/05 UTF-8 support for dhucs
   defining Unicode char U+00B7 (decimal 183)
   defining Unicode char U+2018 (decimal 8216)
   defining Unicode char U+2019 (decimal 8217)
   defining Unicode char U+201C (decimal 8220)
   defining Unicode char U+201D (decimal 8221)
   defining Unicode char U+3001 (decimal 12289)
   defining Unicode char U+3002 (decimal 12290)
   defining Unicode char U+3008 (decimal 12296)
   defining Unicode char U+3009 (decimal 12297)
   defining Unicode char U+300A (decimal 12298)
   defining Unicode char U+300B (decimal 12299)
   defining Unicode char U+300C (decimal 12300)
   defining Unicode char U+300D (decimal 12301)
   defining Unicode char U+300E (decimal 12302)
   defining Unicode char U+300F (decimal 12303)
   defining Unicode char U+3010 (decimal 12304)
   defining Unicode char U+3011 (decimal 12305)
   defining Unicode char U+3014 (decimal 12308)
   defining Unicode char U+3015 (decimal 12309)
   defining Unicode char U+3016 (decimal 12310)
   defining Unicode char U+3017 (decimal 12311)
   defining Unicode char U+3018 (decimal 12312)
   defining Unicode char U+3019 (decimal 12313)
   defining Unicode char U+301A (decimal 12314)
   defining Unicode char U+301B (decimal 12315)
   defining Unicode char U+FF01 (decimal 65281)
   defining Unicode char U+FF08 (decimal 65288)
   defining Unicode char U+FF09 (decimal 65289)
   defining Unicode char U+FF0C (decimal 65292)
   defining Unicode char U+FF0E (decimal 65294)
   defining Unicode char U+FF1A (decimal 65306)
   defining Unicode char U+FF1B (decimal 65307)
   defining Unicode char U+FF1C (decimal 65308)
   defining Unicode char U+FF1D (decimal 65309)
   defining Unicode char U+FF1E (decimal 65310)
   defining Unicode char U+FF1F (decimal 65311)
   defining Unicode char U+FF3B (decimal 65339)
   defining Unicode char U+FF3D (decimal 65341)
   defining Unicode char U+FF5B (decimal 65371)
   defining Unicode char U+FF5D (decimal 65373)
   defining Unicode char U+FF61 (decimal 65377)
   defining Unicode char U+FF62 (decimal 65378)
   defining Unicode char U+FF63 (decimal 65379)
   defining Unicode char U+FF64 (decimal 65380)
   defining Unicode char U+FF65 (decimal 65381)
)
\@josa=\count194
\josatoks=\toks18
 (c:/texlive/2022/texmf-dist/tex/latex/cjk-ko/kolabels-utf.sty
Package: kolabels-utf 2015/03/20 v1.5 UTF-8 Hangul item labels
))) (c:/texlive/2022/texmf-dist/tex/latex/l3backend/l3backend-pdftex.def
File: l3backend-pdftex.def 2022-04-20 L3 backend support: PDF output (pdfTeX)
\l__color_backend_stack_int=\count195
\l__pdf_internal_box=\box50
) (./보고서.aux)
\openout1 = `보고서.aux'.

LaTeX Font Info:    Checking defaults for OML/cmm/m/it on input line 7.
LaTeX Font Info:    ... okay on input line 7.
LaTeX Font Info:    Checking defaults for OMS/cmsy/m/n on input line 7.
LaTeX Font Info:    ... okay on input line 7.
LaTeX Font Info:    Checking defaults for OT1/cmr/m/n on input line 7.
LaTeX Font Info:    ... okay on input line 7.
LaTeX Font Info:    Checking defaults for T1/cmr/m/n on input line 7.
LaTeX Font Info:    ... okay on input line 7.
LaTeX Font Info:    Checking defaults for TS1/cmr/m/n on input line 7.
LaTeX Font Info:    ... okay on input line 7.
LaTeX Font Info:    Checking defaults for OMX/cmex/m/n on input line 7.
LaTeX Font Info:    ... okay on input line 7.
LaTeX Font Info:    Checking defaults for U/cmr/m/n on input line 7.
LaTeX Font Info:    ... okay on input line 7.
LaTeX Font Info:    Checking defaults for LUC/nanummj/m/n on input line 7.
LaTeX Font Info:    Trying to load font information for LUC+nanummj on input line 7.
 (c:/texlive/2022/texmf-dist/tex/latex/nanumtype1/lucnanummj.fd
File: lucnanummj.fd 2013/02/12 v0.1 Nanum Myeongjo font definitions
)
LaTeX Font Info:    ... okay on input line 7.
LaTeX Font Info:    External font `cmex10' loaded for size
(Font)              <12> on input line 8.
LaTeX Font Info:    External font `cmex10' loaded for size
(Font)              <8> on input line 8.
LaTeX Font Info:    External font `cmex10' loaded for size
(Font)              <6> on input line 8.
LaTeX Font Info:    External font `cmex10' loaded for size
(Font)              <7> on input line 13.
LaTeX Font Info:    External font `cmex10' loaded for size
(Font)              <5> on input line 13.
 [1

{c:/texlive/2022/texmf-var/fonts/map/pdftex/updmap/pdftex.map}] [2] (./보고서.aux) ) 
Here is how much of TeX's memory you used:
 982 strings out of 478300
 17847 string characters out of 5849123
 315451 words of memory out of 5000000
 19158 multiletter control sequences out of 15000+600000
 488444 words of font info for 93 fonts, out of 8000000 for 9000
 1141 hyphenation exceptions out of 8191
 56i,8n,62p,425b,255s stack positions out of 10000i,1000n,20000p,200000b,200000s
{c:/texlive/2022/texmf-dist/fonts/enc/dvips/cm-super/cm-super-ts1.enc}<c:/texlive/2022/texmf-dist/fonts/type1/public/amsfonts/cm/cmbx12.pfb><c:/texlive/2022/texmf-dist/fonts/type1/public/amsfonts/cm/cmr10.pfb><c:/texlive/2022/texmf-dist/fonts/type1/public/amsfonts/cm/cmr12.pfb><c:/texlive/2022/texmf-dist/fonts/type1/public/amsfonts/cm/cmr17.pfb><c:/texlive/2022/texmf-dist/fonts/type1/public/amsfonts/cm/cmr6.pfb><c:/texlive/2022/texmf-dist/fonts/type1/public/amsfonts/cm/cmr7.pfb><c:/texlive/2022/texmf-dist/fonts/type1/public/amsfonts/cm/cmr8.pfb><c:/texlive/2022/texmf-dist/fonts/type1/public/nanumtype1/nanummjbb4.pfb><c:/texlive/2022/texmf-dist/fonts/type1/public/nanumtype1/nanummjbb8.pfb><c:/texlive/2022/texmf-dist/fonts/type1/public/nanumtype1/nanummjbc0.pfb><c:/texlive/2022/texmf-dist/fonts/type1/public/nanumtype1/nanummjbc1.pfb><c:/texlive/2022/texmf-dist/fonts/type1/public/nanumtype1/nanummjbc5.pfb><c:/texlive/2022/texmf-dist/fonts/type1/public/nanumtype1/nanummjbc7.pfb><c:/texlive/2022/texmf-dist/fonts/type1/public/nanumtype1/nanummjmac.pfb><c:/texlive/2022/texmf-dist/fonts/type1/public/nanumtype1/nanummjmad.pfb><c:/texlive/2022/texmf-dist/fonts/type1/public/nanumtype1/nanummjmae.pfb><c:/texlive/2022/texmf-dist/fonts/type1/public/nanumtype1/nanummjmb0.pfb><c:/texlive/2022/texmf-dist/fonts/type1/public/nanumtype1/nanummjmb1.pfb><c:/texlive/2022/texmf-dist/fonts/type1/public/nanumtype1/nanummjmb2.pfb><c:/texlive/2022/texmf-dist/fonts/type1/public/nanumtype1/nanummjmb3.pfb><c:/texlive/2022/texmf-dist/fonts/type1/public/nanumtype1/nanummjmb4.pfb><c:/texlive/2022/texmf-dist/fonts/type1/public/nanumtype1/nanummjmb5.pfb><c:/texlive/2022/texmf-dist/fonts/type1/public/nanumtype1/nanummjmb6.pfb><c:/texlive/2022/texmf-dist/fonts/type1/public/nanumtype1/nanummjmb7.pfb><c:/texlive/2022/texmf-dist/fonts/type1/public/nanumtype1/nanummjmb8.pfb><c:/texlive/2022/texmf-dist/fonts/type1/public/nanumtype1/nanummjmb9.pfb><c:/texlive/2022/texmf-dist/fonts/type1/public/nanumtype1/nanummjmba.pfb><c:/texlive/2022/texmf-dist/fonts/type1/public/nanumtype1/nanummjmbb.pfb><c:/texlive/2022/texmf-dist/fonts/type1/public/nanumtype1/nanummjmbc.pfb><c:/texlive/2022/texmf-dist/fonts/type1/public/nanumtype1/nanummjmbd.pfb><c:/texlive/2022/texmf-dist/fonts/type1/public/nanumtype1/nanummjmc0.pfb><c:/texlive/2022/texmf-dist/fonts/type1/public/nanumtype1/nanummjmc1.pfb><c:/texlive/2022/texmf-dist/fonts/type1/public/nanumtype1/nanummjmc2.pfb><c:/texlive/2022/texmf-dist/fonts/type1/public/nanumtype1/nanummjmc5.pfb><c:/texlive/2022/texmf-dist/fonts/type1/public/nanumtype1/nanummjmc6.pfb><c:/texlive/2022/texmf-dist/fonts/type1/public/nanumtype1/nanummjmc7.pfb><c:/texlive/2022/texmf-dist/fonts/type1/public/nanumtype1/nanummjmc8.pfb><c:/texlive/2022/texmf-dist/fonts/type1/public/nanumtype1/nanummjmc9.pfb><c:/texlive/2022/texmf-dist/fonts/type1/public/nanumtype1/nanummjmcc.pfb><c:/texlive/2022/texmf-dist/fonts/type1/public/nanumtype1/nanummjmcd.pfb><c:/texlive/2022/texmf-dist/fonts/type1/public/nanumtype1/nanummjmce.pfb><c:/texlive/2022/texmf-dist/fonts/type1/public/nanumtype1/nanummjmcf.pfb><c:/texlive/2022/texmf-dist/fonts/type1/public/nanumtype1/nanummjmd0.pfb><c:/texlive/2022/texmf-dist/fonts/type1/public/nanumtype1/nanummjmd1.pfb><c:/texlive/2022/texmf-dist/fonts/type1/public/nanumtype1/nanummjmd2.pfb><c:/texlive/2022/texmf-dist/fonts/type1/public/nanumtype1/nanummjmd3.pfb><c:/texlive/2022/texmf-dist/fonts/type1/public/nanumtype1/nanummjmd5.pfb><c:/texlive/2022/texmf-dist/fonts/type1/public/nanumtype1/nanummjmd6.pfb><c:/texlive/2022/texmf-dist/fonts/type1/public/cm-super/sfrm1000.pfb>
Output written on 보고서.pdf (2 pages, 1807017 bytes).
PDF statistics:
 258 PDF objects out of 1000 (max. 8388607)
 154 compressed objects within 2 object streams
 0 named destinations out of 1000 (max. 500000)
 1 words of extra memory for PDF output out of 10000 (max. 10000000)

